<?xml version="1.0" encoding="UTF-8"?>
<testsuite xmlns:xsi="http://www.w3.org/2001/XMLSchema-instance" xsi:noNamespaceSchemaLocation="https://maven.apache.org/surefire/maven-surefire-plugin/xsd/surefire-test-report.xsd" name="com.job.portal.SpringBootRestExampleApplicationTests" time="1.078" tests="1" errors="0" skipped="0" failures="0">
  <properties>
    <property name="gopherProxySet" value="false"/>
    <property name="awt.toolkit" value="sun.lwawt.macosx.LWCToolkit"/>
    <property name="file.encoding.pkg" value="sun.io"/>
    <property name="java.specification.version" value="1.8"/>
    <property name="sun.cpu.isalist" value=""/>
    <property name="sun.jnu.encoding" value="UTF-8"/>
    <property name="java.class.path" value="/Users/sdoliya/Desktop/portal/job-portal/target/test-classes:/Users/sdoliya/Desktop/portal/job-portal/target/classes:/Users/sdoliya/.m2/repository/org/springframework/boot/spring-boot-starter-web/2.3.0.M2/spring-boot-starter-web-2.3.0.M2.jar:/Users/sdoliya/.m2/repository/org/springframework/boot/spring-boot-starter/2.3.0.M2/spring-boot-starter-2.3.0.M2.jar:/Users/sdoliya/.m2/repository/org/springframework/boot/spring-boot/2.3.0.M2/spring-boot-2.3.0.M2.jar:/Users/sdoliya/.m2/repository/org/springframework/boot/spring-boot-autoconfigure/2.3.0.M2/spring-boot-autoconfigure-2.3.0.M2.jar:/Users/sdoliya/.m2/repository/org/springframework/boot/spring-boot-starter-logging/2.3.0.M2/spring-boot-starter-logging-2.3.0.M2.jar:/Users/sdoliya/.m2/repository/ch/qos/logback/logback-classic/1.2.3/logback-classic-1.2.3.jar:/Users/sdoliya/.m2/repository/ch/qos/logback/logback-core/1.2.3/logback-core-1.2.3.jar:/Users/sdoliya/.m2/repository/org/apache/logging/log4j/log4j-to-slf4j/2.13.0/log4j-to-slf4j-2.13.0.jar:/Users/sdoliya/.m2/repository/org/apache/logging/log4j/log4j-api/2.13.0/log4j-api-2.13.0.jar:/Users/sdoliya/.m2/repository/org/slf4j/jul-to-slf4j/1.7.30/jul-to-slf4j-1.7.30.jar:/Users/sdoliya/.m2/repository/jakarta/annotation/jakarta.annotation-api/1.3.5/jakarta.annotation-api-1.3.5.jar:/Users/sdoliya/.m2/repository/org/yaml/snakeyaml/1.25/snakeyaml-1.25.jar:/Users/sdoliya/.m2/repository/org/springframework/boot/spring-boot-starter-json/2.3.0.M2/spring-boot-starter-json-2.3.0.M2.jar:/Users/sdoliya/.m2/repository/com/fasterxml/jackson/core/jackson-databind/2.10.1/jackson-databind-2.10.1.jar:/Users/sdoliya/.m2/repository/com/fasterxml/jackson/core/jackson-annotations/2.10.1/jackson-annotations-2.10.1.jar:/Users/sdoliya/.m2/repository/com/fasterxml/jackson/core/jackson-core/2.10.1/jackson-core-2.10.1.jar:/Users/sdoliya/.m2/repository/com/fasterxml/jackson/datatype/jackson-datatype-jdk8/2.10.1/jackson-datatype-jdk8-2.10.1.jar:/Users/sdoliya/.m2/repository/com/fasterxml/jackson/datatype/jackson-datatype-jsr310/2.10.1/jackson-datatype-jsr310-2.10.1.jar:/Users/sdoliya/.m2/repository/com/fasterxml/jackson/module/jackson-module-parameter-names/2.10.1/jackson-module-parameter-names-2.10.1.jar:/Users/sdoliya/.m2/repository/org/springframework/boot/spring-boot-starter-tomcat/2.3.0.M2/spring-boot-starter-tomcat-2.3.0.M2.jar:/Users/sdoliya/.m2/repository/org/apache/tomcat/embed/tomcat-embed-core/9.0.31/tomcat-embed-core-9.0.31.jar:/Users/sdoliya/.m2/repository/org/glassfish/jakarta.el/3.0.3/jakarta.el-3.0.3.jar:/Users/sdoliya/.m2/repository/org/apache/tomcat/embed/tomcat-embed-websocket/9.0.31/tomcat-embed-websocket-9.0.31.jar:/Users/sdoliya/.m2/repository/org/springframework/spring-web/5.2.3.RELEASE/spring-web-5.2.3.RELEASE.jar:/Users/sdoliya/.m2/repository/org/springframework/spring-beans/5.2.3.RELEASE/spring-beans-5.2.3.RELEASE.jar:/Users/sdoliya/.m2/repository/org/springframework/spring-webmvc/5.2.3.RELEASE/spring-webmvc-5.2.3.RELEASE.jar:/Users/sdoliya/.m2/repository/org/springframework/spring-aop/5.2.3.RELEASE/spring-aop-5.2.3.RELEASE.jar:/Users/sdoliya/.m2/repository/org/springframework/spring-context/5.2.3.RELEASE/spring-context-5.2.3.RELEASE.jar:/Users/sdoliya/.m2/repository/org/springframework/spring-expression/5.2.3.RELEASE/spring-expression-5.2.3.RELEASE.jar:/Users/sdoliya/.m2/repository/org/springframework/boot/spring-boot-starter-test/2.3.0.M2/spring-boot-starter-test-2.3.0.M2.jar:/Users/sdoliya/.m2/repository/org/springframework/boot/spring-boot-test/2.3.0.M2/spring-boot-test-2.3.0.M2.jar:/Users/sdoliya/.m2/repository/org/springframework/boot/spring-boot-test-autoconfigure/2.3.0.M2/spring-boot-test-autoconfigure-2.3.0.M2.jar:/Users/sdoliya/.m2/repository/com/jayway/jsonpath/json-path/2.4.0/json-path-2.4.0.jar:/Users/sdoliya/.m2/repository/net/minidev/json-smart/2.3/json-smart-2.3.jar:/Users/sdoliya/.m2/repository/net/minidev/accessors-smart/1.2/accessors-smart-1.2.jar:/Users/sdoliya/.m2/repository/org/ow2/asm/asm/5.0.4/asm-5.0.4.jar:/Users/sdoliya/.m2/repository/org/slf4j/slf4j-api/1.7.30/slf4j-api-1.7.30.jar:/Users/sdoliya/.m2/repository/jakarta/xml/bind/jakarta.xml.bind-api/2.3.2/jakarta.xml.bind-api-2.3.2.jar:/Users/sdoliya/.m2/repository/jakarta/activation/jakarta.activation-api/1.2.1/jakarta.activation-api-1.2.1.jar:/Users/sdoliya/.m2/repository/org/assertj/assertj-core/3.15.0/assertj-core-3.15.0.jar:/Users/sdoliya/.m2/repository/org/hamcrest/hamcrest/2.2/hamcrest-2.2.jar:/Users/sdoliya/.m2/repository/org/junit/jupiter/junit-jupiter/5.6.0/junit-jupiter-5.6.0.jar:/Users/sdoliya/.m2/repository/org/junit/jupiter/junit-jupiter-api/5.6.0/junit-jupiter-api-5.6.0.jar:/Users/sdoliya/.m2/repository/org/apiguardian/apiguardian-api/1.1.0/apiguardian-api-1.1.0.jar:/Users/sdoliya/.m2/repository/org/opentest4j/opentest4j/1.2.0/opentest4j-1.2.0.jar:/Users/sdoliya/.m2/repository/org/junit/platform/junit-platform-commons/1.6.0/junit-platform-commons-1.6.0.jar:/Users/sdoliya/.m2/repository/org/junit/jupiter/junit-jupiter-params/5.6.0/junit-jupiter-params-5.6.0.jar:/Users/sdoliya/.m2/repository/org/junit/jupiter/junit-jupiter-engine/5.6.0/junit-jupiter-engine-5.6.0.jar:/Users/sdoliya/.m2/repository/org/junit/platform/junit-platform-engine/1.6.0/junit-platform-engine-1.6.0.jar:/Users/sdoliya/.m2/repository/org/mockito/mockito-core/3.2.4/mockito-core-3.2.4.jar:/Users/sdoliya/.m2/repository/net/bytebuddy/byte-buddy/1.10.7/byte-buddy-1.10.7.jar:/Users/sdoliya/.m2/repository/net/bytebuddy/byte-buddy-agent/1.10.7/byte-buddy-agent-1.10.7.jar:/Users/sdoliya/.m2/repository/org/objenesis/objenesis/2.6/objenesis-2.6.jar:/Users/sdoliya/.m2/repository/org/mockito/mockito-junit-jupiter/3.2.4/mockito-junit-jupiter-3.2.4.jar:/Users/sdoliya/.m2/repository/org/skyscreamer/jsonassert/1.5.0/jsonassert-1.5.0.jar:/Users/sdoliya/.m2/repository/com/vaadin/external/google/android-json/0.0.20131108.vaadin1/android-json-0.0.20131108.vaadin1.jar:/Users/sdoliya/.m2/repository/org/springframework/spring-core/5.2.3.RELEASE/spring-core-5.2.3.RELEASE.jar:/Users/sdoliya/.m2/repository/org/springframework/spring-jcl/5.2.3.RELEASE/spring-jcl-5.2.3.RELEASE.jar:/Users/sdoliya/.m2/repository/org/springframework/spring-test/5.2.3.RELEASE/spring-test-5.2.3.RELEASE.jar:/Users/sdoliya/.m2/repository/org/xmlunit/xmlunit-core/2.6.3/xmlunit-core-2.6.3.jar:"/>
    <property name="java.vm.vendor" value="Amazon.com Inc."/>
    <property name="sun.arch.data.model" value="64"/>
    <property name="java.vendor.url" value="https://aws.amazon.com/corretto/"/>
    <property name="user.timezone" value=""/>
    <property name="java.vm.specification.version" value="1.8"/>
    <property name="os.name" value="Mac OS X"/>
    <property name="user.country" value="DE"/>
    <property name="sun.java.launcher" value="SUN_STANDARD"/>
    <property name="sun.boot.library.path" value="/Library/Java/JavaVirtualMachines/amazon-corretto-8.jdk/Contents/Home/jre/lib"/>
    <property name="sun.java.command" value="/Users/sdoliya/Desktop/portal/job-portal/target/surefire/surefirebooter6099946022436172578.jar /Users/sdoliya/Desktop/portal/job-portal/target/surefire 2023-12-24T22-14-43_000-jvmRun1 surefire4160237864709560282tmp surefire_04624721053390490702tmp"/>
    <property name="surefire.test.class.path" value="/Users/sdoliya/Desktop/portal/job-portal/target/test-classes:/Users/sdoliya/Desktop/portal/job-portal/target/classes:/Users/sdoliya/.m2/repository/org/springframework/boot/spring-boot-starter-web/2.3.0.M2/spring-boot-starter-web-2.3.0.M2.jar:/Users/sdoliya/.m2/repository/org/springframework/boot/spring-boot-starter/2.3.0.M2/spring-boot-starter-2.3.0.M2.jar:/Users/sdoliya/.m2/repository/org/springframework/boot/spring-boot/2.3.0.M2/spring-boot-2.3.0.M2.jar:/Users/sdoliya/.m2/repository/org/springframework/boot/spring-boot-autoconfigure/2.3.0.M2/spring-boot-autoconfigure-2.3.0.M2.jar:/Users/sdoliya/.m2/repository/org/springframework/boot/spring-boot-starter-logging/2.3.0.M2/spring-boot-starter-logging-2.3.0.M2.jar:/Users/sdoliya/.m2/repository/ch/qos/logback/logback-classic/1.2.3/logback-classic-1.2.3.jar:/Users/sdoliya/.m2/repository/ch/qos/logback/logback-core/1.2.3/logback-core-1.2.3.jar:/Users/sdoliya/.m2/repository/org/apache/logging/log4j/log4j-to-slf4j/2.13.0/log4j-to-slf4j-2.13.0.jar:/Users/sdoliya/.m2/repository/org/apache/logging/log4j/log4j-api/2.13.0/log4j-api-2.13.0.jar:/Users/sdoliya/.m2/repository/org/slf4j/jul-to-slf4j/1.7.30/jul-to-slf4j-1.7.30.jar:/Users/sdoliya/.m2/repository/jakarta/annotation/jakarta.annotation-api/1.3.5/jakarta.annotation-api-1.3.5.jar:/Users/sdoliya/.m2/repository/org/yaml/snakeyaml/1.25/snakeyaml-1.25.jar:/Users/sdoliya/.m2/repository/org/springframework/boot/spring-boot-starter-json/2.3.0.M2/spring-boot-starter-json-2.3.0.M2.jar:/Users/sdoliya/.m2/repository/com/fasterxml/jackson/core/jackson-databind/2.10.1/jackson-databind-2.10.1.jar:/Users/sdoliya/.m2/repository/com/fasterxml/jackson/core/jackson-annotations/2.10.1/jackson-annotations-2.10.1.jar:/Users/sdoliya/.m2/repository/com/fasterxml/jackson/core/jackson-core/2.10.1/jackson-core-2.10.1.jar:/Users/sdoliya/.m2/repository/com/fasterxml/jackson/datatype/jackson-datatype-jdk8/2.10.1/jackson-datatype-jdk8-2.10.1.jar:/Users/sdoliya/.m2/repository/com/fasterxml/jackson/datatype/jackson-datatype-jsr310/2.10.1/jackson-datatype-jsr310-2.10.1.jar:/Users/sdoliya/.m2/repository/com/fasterxml/jackson/module/jackson-module-parameter-names/2.10.1/jackson-module-parameter-names-2.10.1.jar:/Users/sdoliya/.m2/repository/org/springframework/boot/spring-boot-starter-tomcat/2.3.0.M2/spring-boot-starter-tomcat-2.3.0.M2.jar:/Users/sdoliya/.m2/repository/org/apache/tomcat/embed/tomcat-embed-core/9.0.31/tomcat-embed-core-9.0.31.jar:/Users/sdoliya/.m2/repository/org/glassfish/jakarta.el/3.0.3/jakarta.el-3.0.3.jar:/Users/sdoliya/.m2/repository/org/apache/tomcat/embed/tomcat-embed-websocket/9.0.31/tomcat-embed-websocket-9.0.31.jar:/Users/sdoliya/.m2/repository/org/springframework/spring-web/5.2.3.RELEASE/spring-web-5.2.3.RELEASE.jar:/Users/sdoliya/.m2/repository/org/springframework/spring-beans/5.2.3.RELEASE/spring-beans-5.2.3.RELEASE.jar:/Users/sdoliya/.m2/repository/org/springframework/spring-webmvc/5.2.3.RELEASE/spring-webmvc-5.2.3.RELEASE.jar:/Users/sdoliya/.m2/repository/org/springframework/spring-aop/5.2.3.RELEASE/spring-aop-5.2.3.RELEASE.jar:/Users/sdoliya/.m2/repository/org/springframework/spring-context/5.2.3.RELEASE/spring-context-5.2.3.RELEASE.jar:/Users/sdoliya/.m2/repository/org/springframework/spring-expression/5.2.3.RELEASE/spring-expression-5.2.3.RELEASE.jar:/Users/sdoliya/.m2/repository/org/springframework/boot/spring-boot-starter-test/2.3.0.M2/spring-boot-starter-test-2.3.0.M2.jar:/Users/sdoliya/.m2/repository/org/springframework/boot/spring-boot-test/2.3.0.M2/spring-boot-test-2.3.0.M2.jar:/Users/sdoliya/.m2/repository/org/springframework/boot/spring-boot-test-autoconfigure/2.3.0.M2/spring-boot-test-autoconfigure-2.3.0.M2.jar:/Users/sdoliya/.m2/repository/com/jayway/jsonpath/json-path/2.4.0/json-path-2.4.0.jar:/Users/sdoliya/.m2/repository/net/minidev/json-smart/2.3/json-smart-2.3.jar:/Users/sdoliya/.m2/repository/net/minidev/accessors-smart/1.2/accessors-smart-1.2.jar:/Users/sdoliya/.m2/repository/org/ow2/asm/asm/5.0.4/asm-5.0.4.jar:/Users/sdoliya/.m2/repository/org/slf4j/slf4j-api/1.7.30/slf4j-api-1.7.30.jar:/Users/sdoliya/.m2/repository/jakarta/xml/bind/jakarta.xml.bind-api/2.3.2/jakarta.xml.bind-api-2.3.2.jar:/Users/sdoliya/.m2/repository/jakarta/activation/jakarta.activation-api/1.2.1/jakarta.activation-api-1.2.1.jar:/Users/sdoliya/.m2/repository/org/assertj/assertj-core/3.15.0/assertj-core-3.15.0.jar:/Users/sdoliya/.m2/repository/org/hamcrest/hamcrest/2.2/hamcrest-2.2.jar:/Users/sdoliya/.m2/repository/org/junit/jupiter/junit-jupiter/5.6.0/junit-jupiter-5.6.0.jar:/Users/sdoliya/.m2/repository/org/junit/jupiter/junit-jupiter-api/5.6.0/junit-jupiter-api-5.6.0.jar:/Users/sdoliya/.m2/repository/org/apiguardian/apiguardian-api/1.1.0/apiguardian-api-1.1.0.jar:/Users/sdoliya/.m2/repository/org/opentest4j/opentest4j/1.2.0/opentest4j-1.2.0.jar:/Users/sdoliya/.m2/repository/org/junit/platform/junit-platform-commons/1.6.0/junit-platform-commons-1.6.0.jar:/Users/sdoliya/.m2/repository/org/junit/jupiter/junit-jupiter-params/5.6.0/junit-jupiter-params-5.6.0.jar:/Users/sdoliya/.m2/repository/org/junit/jupiter/junit-jupiter-engine/5.6.0/junit-jupiter-engine-5.6.0.jar:/Users/sdoliya/.m2/repository/org/junit/platform/junit-platform-engine/1.6.0/junit-platform-engine-1.6.0.jar:/Users/sdoliya/.m2/repository/org/mockito/mockito-core/3.2.4/mockito-core-3.2.4.jar:/Users/sdoliya/.m2/repository/net/bytebuddy/byte-buddy/1.10.7/byte-buddy-1.10.7.jar:/Users/sdoliya/.m2/repository/net/bytebuddy/byte-buddy-agent/1.10.7/byte-buddy-agent-1.10.7.jar:/Users/sdoliya/.m2/repository/org/objenesis/objenesis/2.6/objenesis-2.6.jar:/Users/sdoliya/.m2/repository/org/mockito/mockito-junit-jupiter/3.2.4/mockito-junit-jupiter-3.2.4.jar:/Users/sdoliya/.m2/repository/org/skyscreamer/jsonassert/1.5.0/jsonassert-1.5.0.jar:/Users/sdoliya/.m2/repository/com/vaadin/external/google/android-json/0.0.20131108.vaadin1/android-json-0.0.20131108.vaadin1.jar:/Users/sdoliya/.m2/repository/org/springframework/spring-core/5.2.3.RELEASE/spring-core-5.2.3.RELEASE.jar:/Users/sdoliya/.m2/repository/org/springframework/spring-jcl/5.2.3.RELEASE/spring-jcl-5.2.3.RELEASE.jar:/Users/sdoliya/.m2/repository/org/springframework/spring-test/5.2.3.RELEASE/spring-test-5.2.3.RELEASE.jar:/Users/sdoliya/.m2/repository/org/xmlunit/xmlunit-core/2.6.3/xmlunit-core-2.6.3.jar:"/>
    <property name="sun.cpu.endian" value="little"/>
    <property name="user.home" value="/Users/sdoliya"/>
    <property name="user.language" value="en"/>
    <property name="java.specification.vendor" value="Oracle Corporation"/>
    <property name="java.home" value="/Library/Java/JavaVirtualMachines/amazon-corretto-8.jdk/Contents/Home/jre"/>
    <property name="basedir" value="/Users/sdoliya/Desktop/portal/job-portal"/>
    <property name="file.separator" value="/"/>
    <property name="line.separator" value="&#10;"/>
    <property name="java.vm.specification.vendor" value="Oracle Corporation"/>
    <property name="java.specification.name" value="Java Platform API Specification"/>
    <property name="java.awt.graphicsenv" value="sun.awt.CGraphicsEnvironment"/>
    <property name="surefire.real.class.path" value="/Users/sdoliya/Desktop/portal/job-portal/target/surefire/surefirebooter6099946022436172578.jar"/>
    <property name="sun.boot.class.path" value="/Library/Java/JavaVirtualMachines/amazon-corretto-8.jdk/Contents/Home/jre/lib/resources.jar:/Library/Java/JavaVirtualMachines/amazon-corretto-8.jdk/Contents/Home/jre/lib/rt.jar:/Library/Java/JavaVirtualMachines/amazon-corretto-8.jdk/Contents/Home/jre/lib/sunrsasign.jar:/Library/Java/JavaVirtualMachines/amazon-corretto-8.jdk/Contents/Home/jre/lib/jsse.jar:/Library/Java/JavaVirtualMachines/amazon-corretto-8.jdk/Contents/Home/jre/lib/jce.jar:/Library/Java/JavaVirtualMachines/amazon-corretto-8.jdk/Contents/Home/jre/lib/charsets.jar:/Library/Java/JavaVirtualMachines/amazon-corretto-8.jdk/Contents/Home/jre/lib/jfr.jar:/Library/Java/JavaVirtualMachines/amazon-corretto-8.jdk/Contents/Home/jre/classes"/>
    <property name="sun.management.compiler" value="HotSpot 64-Bit Tiered Compilers"/>
    <property name="java.runtime.version" value="1.8.0_392-b08"/>
    <property name="user.name" value="sdoliya"/>
    <property name="path.separator" value=":"/>
    <property name="os.version" value="13.6.2"/>
    <property name="java.endorsed.dirs" value="/Library/Java/JavaVirtualMachines/amazon-corretto-8.jdk/Contents/Home/jre/lib/endorsed"/>
    <property name="java.runtime.name" value="OpenJDK Runtime Environment"/>
    <property name="file.encoding" value="UTF-8"/>
    <property name="java.vm.name" value="OpenJDK 64-Bit Server VM"/>
    <property name="localRepository" value="/Users/sdoliya/.m2/repository"/>
    <property name="java.vendor.url.bug" value="https://github.com/corretto/corretto-8/issues/"/>
    <property name="java.io.tmpdir" value="/var/folders/nq/v7g3b5js26ndfljmtyq6lzy00000gr/T/"/>
    <property name="java.version" value="1.8.0_392"/>
    <property name="user.dir" value="/Users/sdoliya/Desktop/portal/job-portal"/>
    <property name="os.arch" value="aarch64"/>
    <property name="java.vm.specification.name" value="Java Virtual Machine Specification"/>
    <property name="java.awt.printerjob" value="sun.lwawt.macosx.CPrinterJob"/>
    <property name="sun.os.patch.level" value="unknown"/>
    <property name="java.library.path" value="/Users/sdoliya/Library/Java/Extensions:/Library/Java/Extensions:/Network/Library/Java/Extensions:/System/Library/Java/Extensions:/usr/lib/java:."/>
    <property name="java.vm.info" value="mixed mode"/>
    <property name="java.vendor" value="Amazon.com Inc."/>
    <property name="java.vm.version" value="25.392-b08"/>
    <property name="java.specification.maintenance.version" value="5"/>
    <property name="java.ext.dirs" value="/Users/sdoliya/Library/Java/Extensions:/Library/Java/JavaVirtualMachines/amazon-corretto-8.jdk/Contents/Home/jre/lib/ext:/Library/Java/Extensions:/Network/Library/Java/Extensions:/System/Library/Java/Extensions:/usr/lib/java"/>
    <property name="sun.io.unicode.encoding" value="UnicodeBig"/>
    <property name="java.class.version" value="52.0"/>
  </properties>
  <testcase name="contextLoads" classname="com.job.portal.SpringBootRestExampleApplicationTests" time="0.092"/>
</testsuite>